2020-05-08T19:31:01.934Z [My logger] [31merror[39m: uncaughtException: devLogger is not a function
TypeError: devLogger is not a function
    at module.exports (/home/oleg/Projects/TEST/sequelize-test/src/utils/logger/index.js:15:35)
    at Object.<anonymous> (/home/oleg/Projects/TEST/sequelize-test/src/launch/common.js:10:13)
    at Module._compile (internal/modules/cjs/loader.js:956:30)
    at Object.Module._extensions..js (internal/modules/cjs/loader.js:973:10)
    at Module.load (internal/modules/cjs/loader.js:812:32)
    at Function.Module._load (internal/modules/cjs/loader.js:724:14)
    at Module.require (internal/modules/cjs/loader.js:849:19)
    at require (internal/modules/cjs/helpers.js:74:18)
    at Object.<anonymous> (/home/oleg/Projects/TEST/sequelize-test/src/launch/index.js:2:23)
    at Module._compile (internal/modules/cjs/loader.js:956:30)
2020-05-08T19:31:21.066Z [My logger] [31merror[39m: uncaughtException: devLogger is not a function
TypeError: devLogger is not a function
    at module.exports (/home/oleg/Projects/TEST/sequelize-test/src/utils/logger/index.js:15:35)
    at Object.<anonymous> (/home/oleg/Projects/TEST/sequelize-test/src/launch/common.js:10:13)
    at Module._compile (internal/modules/cjs/loader.js:956:30)
    at Object.Module._extensions..js (internal/modules/cjs/loader.js:973:10)
    at Module.load (internal/modules/cjs/loader.js:812:32)
    at Function.Module._load (internal/modules/cjs/loader.js:724:14)
    at Module.require (internal/modules/cjs/loader.js:849:19)
    at require (internal/modules/cjs/helpers.js:74:18)
    at Object.<anonymous> (/home/oleg/Projects/TEST/sequelize-test/src/launch/index.js:2:23)
    at Module._compile (internal/modules/cjs/loader.js:956:30)
{
  error: ReferenceError: logger is not defined
      at Object.<anonymous> (/home/oleg/Projects/TEST/sequelize-test/src/utils/logger/strategies/local.js:45:1)
      at Module._compile (internal/modules/cjs/loader.js:956:30)
      at Object.Module._extensions..js (internal/modules/cjs/loader.js:973:10)
      at Module.load (internal/modules/cjs/loader.js:812:32)
      at Function.Module._load (internal/modules/cjs/loader.js:724:14)
      at Function.Module.runMain (internal/modules/cjs/loader.js:1025:10)
      at internal/main/run_main_module.js:17:11,
  level: '\u001b[31merror\u001b[39m',
  message: 'uncaughtException: logger is not defined\n' +
    'ReferenceError: logger is not defined\n' +
    '    at Object.<anonymous> (/home/oleg/Projects/TEST/sequelize-test/src/utils/logger/strategies/local.js:45:1)\n' +
    '    at Module._compile (internal/modules/cjs/loader.js:956:30)\n' +
    '    at Object.Module._extensions..js (internal/modules/cjs/loader.js:973:10)\n' +
    '    at Module.load (internal/modules/cjs/loader.js:812:32)\n' +
    '    at Function.Module._load (internal/modules/cjs/loader.js:724:14)\n' +
    '    at Function.Module.runMain (internal/modules/cjs/loader.js:1025:10)\n' +
    '    at internal/main/run_main_module.js:17:11',
  stack: 'ReferenceError: logger is not defined\n' +
    '    at Object.<anonymous> (/home/oleg/Projects/TEST/sequelize-test/src/utils/logger/strategies/local.js:45:1)\n' +
    '    at Module._compile (internal/modules/cjs/loader.js:956:30)\n' +
    '    at Object.Module._extensions..js (internal/modules/cjs/loader.js:973:10)\n' +
    '    at Module.load (internal/modules/cjs/loader.js:812:32)\n' +
    '    at Function.Module._load (internal/modules/cjs/loader.js:724:14)\n' +
    '    at Function.Module.runMain (internal/modules/cjs/loader.js:1025:10)\n' +
    '    at internal/main/run_main_module.js:17:11',
  exception: true,
  date: 'Sat May 09 2020 23:47:22 GMT+0700 (Novosibirsk Standard Time)',
  process: {
    pid: 7060,
    uid: 1000,
    gid: 1000,
    cwd: '/home/oleg/Projects/TEST/sequelize-test',
    execPath: '/home/oleg/.nvm/versions/node/v12.13.0/bin/node',
    version: 'v12.13.0',
    argv: [
      '/home/oleg/.nvm/versions/node/v12.13.0/bin/node',
      '/home/oleg/Projects/TEST/sequelize-test/src/utils/logger/strategies/local.js'
    ],
    memoryUsage: {
      rss: 37789696,
      heapTotal: 8855552,
      heapUsed: 5214424,
      external: 942507
    }
  },
  os: { loadavg: [ 0.6484375, 0.41796875, 0.61962890625 ], uptime: 1738 },
  trace: [
    {
      column: 1,
      file: '/home/oleg/Projects/TEST/sequelize-test/src/utils/logger/strategies/local.js',
      function: null,
      line: 45,
      method: null,
      native: false
    },
    {
      column: 30,
      file: 'internal/modules/cjs/loader.js',
      function: 'Module._compile',
      line: 956,
      method: '_compile',
      native: false
    },
    {
      column: 10,
      file: 'internal/modules/cjs/loader.js',
      function: 'Module._extensions..js',
      line: 973,
      method: '.js',
      native: false
    },
    {
      column: 32,
      file: 'internal/modules/cjs/loader.js',
      function: 'Module.load',
      line: 812,
      method: 'load',
      native: false
    },
    {
      column: 14,
      file: 'internal/modules/cjs/loader.js',
      function: 'Module._load',
      line: 724,
      method: '_load',
      native: false
    },
    {
      column: 10,
      file: 'internal/modules/cjs/loader.js',
      function: 'Module.runMain',
      line: 1025,
      method: 'runMain',
      native: false
    },
    {
      column: 11,
      file: 'internal/main/run_main_module.js',
      function: null,
      line: 17,
      method: null,
      native: false
    }
  ],
  label: 'My logger',
  timestamp: '2020-05-09T16:47:22.469Z'
}
{
  error: ReferenceError: logger is not defined
      at Object.<anonymous> (/home/oleg/Projects/TEST/sequelize-test/src/utils/logger/strategies/local.js:45:1)
      at Module._compile (internal/modules/cjs/loader.js:956:30)
      at Object.Module._extensions..js (internal/modules/cjs/loader.js:973:10)
      at Module.load (internal/modules/cjs/loader.js:812:32)
      at Function.Module._load (internal/modules/cjs/loader.js:724:14)
      at Function.Module.runMain (internal/modules/cjs/loader.js:1025:10)
      at internal/main/run_main_module.js:17:11,
  level: '\u001b[31merror\u001b[39m',
  message: 'uncaughtException: logger is not defined\n' +
    'ReferenceError: logger is not defined\n' +
    '    at Object.<anonymous> (/home/oleg/Projects/TEST/sequelize-test/src/utils/logger/strategies/local.js:45:1)\n' +
    '    at Module._compile (internal/modules/cjs/loader.js:956:30)\n' +
    '    at Object.Module._extensions..js (internal/modules/cjs/loader.js:973:10)\n' +
    '    at Module.load (internal/modules/cjs/loader.js:812:32)\n' +
    '    at Function.Module._load (internal/modules/cjs/loader.js:724:14)\n' +
    '    at Function.Module.runMain (internal/modules/cjs/loader.js:1025:10)\n' +
    '    at internal/main/run_main_module.js:17:11',
  stack: 'ReferenceError: logger is not defined\n' +
    '    at Object.<anonymous> (/home/oleg/Projects/TEST/sequelize-test/src/utils/logger/strategies/local.js:45:1)\n' +
    '    at Module._compile (internal/modules/cjs/loader.js:956:30)\n' +
    '    at Object.Module._extensions..js (internal/modules/cjs/loader.js:973:10)\n' +
    '    at Module.load (internal/modules/cjs/loader.js:812:32)\n' +
    '    at Function.Module._load (internal/modules/cjs/loader.js:724:14)\n' +
    '    at Function.Module.runMain (internal/modules/cjs/loader.js:1025:10)\n' +
    '    at internal/main/run_main_module.js:17:11',
  exception: true,
  date: 'Sat May 09 2020 23:47:53 GMT+0700 (Novosibirsk Standard Time)',
  process: {
    pid: 7076,
    uid: 1000,
    gid: 1000,
    cwd: '/home/oleg/Projects/TEST/sequelize-test',
    execPath: '/home/oleg/.nvm/versions/node/v12.13.0/bin/node',
    version: 'v12.13.0',
    argv: [
      '/home/oleg/.nvm/versions/node/v12.13.0/bin/node',
      '/home/oleg/Projects/TEST/sequelize-test/src/utils/logger/strategies/local.js'
    ],
    memoryUsage: {
      rss: 37789696,
      heapTotal: 8855552,
      heapUsed: 5209640,
      external: 942507
    }
  },
  os: {
    loadavg: [ 0.59814453125, 0.42578125, 0.61669921875 ],
    uptime: 1769
  },
  trace: [
    {
      column: 1,
      file: '/home/oleg/Projects/TEST/sequelize-test/src/utils/logger/strategies/local.js',
      function: null,
      line: 45,
      method: null,
      native: false
    },
    {
      column: 30,
      file: 'internal/modules/cjs/loader.js',
      function: 'Module._compile',
      line: 956,
      method: '_compile',
      native: false
    },
    {
      column: 10,
      file: 'internal/modules/cjs/loader.js',
      function: 'Module._extensions..js',
      line: 973,
      method: '.js',
      native: false
    },
    {
      column: 32,
      file: 'internal/modules/cjs/loader.js',
      function: 'Module.load',
      line: 812,
      method: 'load',
      native: false
    },
    {
      column: 14,
      file: 'internal/modules/cjs/loader.js',
      function: 'Module._load',
      line: 724,
      method: '_load',
      native: false
    },
    {
      column: 10,
      file: 'internal/modules/cjs/loader.js',
      function: 'Module.runMain',
      line: 1025,
      method: 'runMain',
      native: false
    },
    {
      column: 11,
      file: 'internal/main/run_main_module.js',
      function: null,
      line: 17,
      method: null,
      native: false
    }
  ],
  label: 'My logger',
  timestamp: '2020-05-09T16:47:53.655Z'
}
